\BOOKMARK [1][-]{section.0.1}{0.1 Abstraction}{}% 1
\BOOKMARK [1][-]{section.0.2}{0.2 Broader Impact}{}% 2
\BOOKMARK [1][-]{section.0.3}{0.3 Core Aim 1}{}% 3
\BOOKMARK [0][]{chapter.1}{1 Constrained Inference - Zenna Tavares}{}% 4
\BOOKMARK [1][-]{section.1.1}{1.1 Introduction}{chapter.1}% 5
\BOOKMARK [2][-]{subsection.1.1.1}{1.1.1 Query}{section.1.1}% 6
\BOOKMARK [2][-]{subsection.1.1.2}{1.1.2 Constrain}{section.1.1}% 7
\BOOKMARK [0][]{chapter.2}{2 Constrained Generative Models}{}% 8
\BOOKMARK [1][-]{section.2.1}{2.1 A motivating example: motion planning}{chapter.2}% 9
\BOOKMARK [1][-]{section.2.2}{2.2 Program Analysis}{chapter.2}% 10
\BOOKMARK [1][-]{section.2.3}{2.3 Sampling}{chapter.2}% 11
\BOOKMARK [1][-]{section.2.4}{2.4 Handling Complexity}{chapter.2}% 12
\BOOKMARK [2][-]{subsection.2.4.1}{2.4.1 Inconsistency}{section.2.4}% 13
\BOOKMARK [2][-]{subsection.2.4.2}{2.4.2 Subsumption}{section.2.4}% 14
\BOOKMARK [1][-]{section.2.5}{2.5 Abstract Interpretation}{chapter.2}% 15
\BOOKMARK [2][-]{subsection.2.5.1}{2.5.1 Exploiting Regularities}{section.2.5}% 16
\BOOKMARK [1][-]{section.2.6}{2.6 Overlapping Polyhedra}{chapter.2}% 17
\BOOKMARK [2][-]{subsection.2.6.1}{2.6.1 Removing overlap}{section.2.6}% 18
\BOOKMARK [2][-]{subsection.2.6.2}{2.6.2 Permitting overlap}{section.2.6}% 19
\BOOKMARK [1][-]{section.2.7}{2.7 NOTES}{chapter.2}% 20
\BOOKMARK [1][-]{section.2.8}{2.8 Results}{chapter.2}% 21
\BOOKMARK [1][-]{section.2.9}{2.9 Non-linear case}{chapter.2}% 22
\BOOKMARK [1][-]{section.2.10}{2.10 Conclusion}{chapter.2}% 23
\BOOKMARK [1][-]{section.2.11}{2.11 Abstract Interpretation}{chapter.2}% 24
\BOOKMARK [1][-]{section.2.12}{2.12 Notes}{chapter.2}% 25
